Failed to create directory /var/lib/mock/sdk7-bootstrap/root//sys/fs/selinux: Read-only file system
Failed to create directory /var/lib/mock/sdk7-bootstrap/root//sys/fs/selinux: Read-only file system
gpg-pubkey-352c64e5-52ae6884 1387161732 0 (none) installed
centos-release-7-9.2009.1.el7.centos.x86_64 1606144121 44787 3bd5cfe3f55b8a69ea5e20304ca50b37 installed
filesystem-3.2-25.el7.x86_64 1523422829 0 93e1c91a2dbd4d3ac61fb70a40a7c228 installed
python-rpm-macros-3-34.el7.noarch 1602605024 4234 9c48c27d0b87e5fcf31da492d4a9125d installed
ncurses-base-5.9-14.20130511.el7_4.noarch 1504735709 223432 c955fdfe1f8f20b1053a34918e44bd58 installed
kernel-headers-3.10.0-1160.45.1.el7.x86_64 1634146676 3946900 b4d995dbde11cd4a65e134fd87ee05c7 installed
glibc-common-2.17-325.el7_9.x86_64 1634149767 226621545 4a10afb337886b74e4d9752a22849c23 installed
nspr-4.32.0-1.el7_9.x86_64 1634166509 287576 a7111908774b57d3d1cba3fef452f0b8 installed
libstdc++-4.8.5-44.el7.x86_64 1601433759 1081666 4bf771ddbb632e6b6da76cc3bd14e425 installed
bash-4.2.46-34.el7.x86_64 1585707598 3667724 86e00661a92ff5c659ba45c01c461639 installed
pcre-8.32-17.el7.x86_64 1501643292 1475532 04a1926cc29eef0f79f8183eb7907024 installed
zlib-1.2.7-19.el7_9.x86_64 1612283734 185222 e126ea17601d44553d52f69a8f08f2a5 installed
bzip2-libs-1.0.6-13.el7.x86_64 1447995892 70093 0486f0b02e0caa4195761266798e7a26 installed
elfutils-libelf-0.176-5.el7.x86_64 1601569823 916150 c45c186cf049050f6df0210fbbe3ca82 installed
sed-4.2.2-7.el7.x86_64 1601487357 601267 4523ac99048091e140e598af1d653721 installed
popt-1.13-16.el7.x86_64 1402373003 88516 87f5d6bac8f205fb14e2072e4b47ce23 installed
libacl-2.2.51-15.el7.x86_64 1585707377 37064 d3435c79733c964eb141830587d52eb6 installed
readline-6.2-11.el7.x86_64 1565266059 460424 f45c914245b90ee8c80c08740ef19837 installed
libgcrypt-1.5.3-14.el7.x86_64 1501689307 597727 88c64dc7c3aed6a156e4dee5def38300 installed
chkconfig-1.7.6-1.el7.x86_64 1602604010 779655 d118157f4ea930eba79b3875990b1fe7 installed
grep-2.20-3.el7.x86_64 1501743524 1195131 92bc957d1c4fc3764e134d8f82544abe installed
libuuid-2.23.2-65.el7_9.1.x86_64 1612283515 20278 01d1282604566ddad6b1360861dbcf49 installed
libcom_err-1.42.9-19.el7.x86_64 1601481804 60425 17ce0e8ec66bb2984af53998bde8a4d2 installed
xz-5.2.2-1.el7.x86_64 1478359687 798130 3e6f05008f7af7931aa8257964527f1a installed
gawk-4.0.2-4.el7_3.1.x86_64 1498686770 2435978 5efa8feaeb12d57cda1a9bcd9c8af917 installed
cpio-2.11-28.el7.x86_64 1602604082 689345 4a25327c4e1ef56cbe9c481943bfebba installed
libcap-ng-0.7.5-4.el7.x86_64 1448001510 50510 84efa5ca78408f78e606e7c8d1816759 installed
p11-kit-0.23.5-3.el7.x86_64 1501889820 1337825 9a0f49ca3b6d58aeb05780003cae38f1 installed
nss-softokn-3.67.0-3.el7_9.x86_64 1634168892 1355710 c6c30e228970381a08ebb8eeb36a7a37 installed
lz4-1.8.3-1.el7.x86_64 1601484911 205463 50e943f036504021a9de980b04f402c1 installed
file-5.11-37.el7.x86_64 1601482103 67368 17bacde6c0399ce011dc390b48fda094 installed
libmetalink-0.1.3-1.el7.x86_64 1479285242 68600 07743f40947712738f5e827972537bb0 installed
libassuan-2.1.0-3.el7.x86_64 1402341240 155391 c4c94aadc9da58f576b4ef238d0136cb installed
patch-2.7.1-12.el7_7.x86_64 1571788780 215353 9a704b9a2dde0e91be95a333d8d12efb installed
perl-parent-1:0.225-244.el7.noarch 1402384520 8141 d902f1a3426caa19ccbccf09263c54f6 installed
perl-podlators-2.5.1-3.el7.noarch 1402343776 287679 8e070dd716e3adf3c297291accaa4348 installed
perl-Pod-Escapes-1:1.04-299.el7_9.noarch 1612284229 21091 f740345d55e41d9a92d1308cb2891ce8 installed
perl-Encode-2.51-7.el7.x86_64 1402368585 10176350 713ce27ff4434807ff7060b333ed8873 installed
perl-threads-1.87-4.el7.x86_64 1402377734 98615 29739d2f766c8bd85e85de9f8ccb7367 installed
perl-Storable-2.45-3.el7.x86_64 1402367398 181031 25787b4b609f3ee50d1c7f33d29e0102 installed
perl-Exporter-5.68-3.el7.noarch 1402373350 56612 d6e7deb74b149e4b7aa23a998a127bb4 installed
perl-constant-1.27-2.el7.noarch 1402368682 26364 f3ecfa1ce48e13496322e341a3f0b72c installed
perl-Socket-2.010-5.el7.x86_64 1585713790 114497 978a2da5b65bb1f2b500d0da90e80f8b installed
perl-File-Path-2.09-2.el7.noarch 1402361289 50067 94d54ef6ce6893ae2a4400c4b0ce79b7 installed
perl-PathTools-3.40-5.el7.x86_64 1402373476 174131 c597987071b0f81a0029667e83e1ecae installed
perl-Scalar-List-Utils-1.27-248.el7.x86_64 1402358220 67994 2fb261c150fc06b1a978809c5a9c706e installed
perl-Pod-Simple-1:3.28-4.el7.noarch 1402365613 538320 8e5edeb936a154537062b776eb41cb7d installed
perl-4:5.16.3-299.el7_9.x86_64 1612283772 23556436 99e96640535d2b1b015f48e7e872bebc installed
libdb-utils-5.3.21-25.el7.x86_64 1565309918 322471 75032d455ebe208a62eef3f2b83af865 installed
kmod-libs-20-28.el7.x86_64 1585709895 91800 b5b5262c5f2bc70956eaab42f0b8f1ed installed
bzip2-1.0.6-13.el7.x86_64 1447995892 83791 704f597825711270b0ba2af51bebecae installed
zip-3.0-11.el7.x86_64 1478364595 815173 f49ae6270a053005b67e417123691ca7 installed
libgomp-4.8.5-44.el7.x86_64 1601433759 212144 91a373019a746039e03c07bd6e19c7d0 installed
glibc-devel-2.17-325.el7_9.x86_64 1634149767 1066188 fa4eb1429ebc8f4604597b1f0cf435df installed
libicu-50.2-4.el7_7.x86_64 1584751887 25221945 287ebd4a41ee1de22d8abb4c15f82884 installed
libstdc++-devel-4.8.5-44.el7.x86_64 1601433759 8436804 83a577b67ba3e4fad3eb10c7c19fc381 installed
ustr-1.0.4-16.el7.x86_64 1402344766 285943 58bb2ebb64b048e24a4c7d5d51170f55 installed
libverto-0.2.5-4.el7.x86_64 1402386261 23060 341bae036f22ce087486f4d9e180caee installed
p11-kit-trust-0.23.5-3.el7.x86_64 1501889820 437261 2dc2f7ab212401098e8821ce23f21741 installed
hardlink-1:1.0-19.el7.x86_64 1402381564 16545 3a1bcd8e12bbdbced75d74b5919a039a installed
keyutils-libs-1.5.8-3.el7.x86_64 1402366675 42138 e31fa37a714787d3d72e0a9316c3a85b installed
coreutils-8.22-24.el7_9.2.x86_64 1605565499 14594210 21873db92cb3c945747024de6b034910 installed
libblkid-2.23.2-65.el7_9.1.x86_64 1612283515 265925 86fcddd4998b8a8559299d9e1ab02424 installed
cracklib-2.9.0-11.el7.x86_64 1402378933 209610 a973d883d6785904e49266428bb3ed90 installed
glib2-2.56.1-9.el7_9.x86_64 1623255133 12174105 580cf60d7017ca850ce749d5e9596352 installed
binutils-2.27-44.base.el7.x86_64 1601570234 25166634 5ededccac7b3eae65440faa0ce046cab installed
pkgconfig-1:0.27.1-4.el7.x86_64 1402351548 105522 ef58117c9c617599952c0642ff5e8d00 installed
pam-1.1.8-23.el7.x86_64 1585713659 2632373 4a759efcb0060afe29709c051707f971 installed
libutempter-1.1.6-4.el7.x86_64 1402365826 49749 8e28747e6a84b84af7d78c84cd8cd5e8 installed
cyrus-sasl-lib-2.1.26-23.el7.x86_64 1523420459 396911 6d06f1337b143c25bc7358255d433006 installed
nss-3.67.0-3.el7_9.x86_64 1634181660 2540666 45b240c332f2f31c940881f6cb6679ac installed
nss-tools-3.67.0-3.el7_9.x86_64 1634181660 2261259 5a421766fa695cf8310ca5e223c6e66f installed
gdb-7.6.1-120.el7.x86_64 1601482700 7375630 d972171eeec1e05c2ec958c5afd2581b installed
libcurl-7.48.0-1.el7.centos.x86_64 1464951600 495064 3639d9c8176c7a49b09d3d5d932108b9 installed
rpm-libs-4.11.3-46.el7_9.x86_64 1634214494 611392 5e8bb0064598536e780bbba250d580ba installed
openldap-2.4.44-24.el7_9.x86_64 1630421394 1037056 15362ab100422d2dabd8a0947f41e77b installed
lua-srpm-macros-1-3.el7.noarch 1611533345 1314 4d962a561794a942e74dc9596ae8c5e8 installed
pth-2.0.7-23.el7.x86_64 1448007112 267851 2d6939b73767d0f96b02677bcbeef2e2 installed
rpm-build-libs-4.11.3-46.el7_9.x86_64 1634214494 166656 275baf7d1fa4e295999fcfc76646f986 installed
util-linux-2.23.2-65.el7_9.1.x86_64 1612283515 8482896 aca5cd217dc2c0d39ef1914719f72d16 installed
device-mapper-7:1.02.170-6.el7_9.5.x86_64 1619616727 342456 511318eae506189450b1e14c1e62ebd4 installed
device-mapper-libs-7:1.02.170-6.el7_9.5.x86_64 1619616727 404687 df29966875882d5da1d7687d4a742d1b installed
dracut-033-572.el7.x86_64 1601481479 905396 d90b9b6b8f6783d83d5e2d1b09a8f632 installed
elfutils-libs-0.176-5.el7.x86_64 1601569823 808799 32fa25ce22d3a56e1459cd0592b81562 installed
dbus-libs-1:1.10.24-15.el7.x86_64 1601481306 362600 58e455028fbb88b7b18f4cfdc4b24514 installed
elfutils-default-yama-scope-0.176-5.el7.noarch 1601569823 1810 e7ff84b810bf4bb547c3d1bad7a43243 installed
elfutils-0.176-5.el7.x86_64 1601569823 835489 f43d86682eaa591b6e61b436c3a2b3fa installed
net-tools-2.0-0.25.20131004git.el7.x86_64 1565313026 938978 e4587762ece6e2f4b05e72bd02d6ef0f installed
gcc-c++-4.8.5-44.el7.x86_64 1601433759 17273811 f93d556507492d88b92cf0e5d293bb3b installed
make-1:3.82-24.el7.x86_64 1565311645 1160660 c05a8addeca9104ca654b2019a664428 installed
tzdata-2021e-1.el7.noarch 1635334958 2047774 d88f8bd3eb342c0b53e90815a06cc720 installed
rpm-python-4.11.3-46.el7_9.x86_64 1634214494 149762 ed0124bd468f38b686a75353b6e8bdda installed
python-pycurl-7.19.0-19.el7.x86_64 1478358654 241513 d5152315d59bde1faaa203e68de6a64e installed
python-iniparse-0.4-9.el7.noarch 1402351494 115166 3140d9efca99c4dd5215383bab36bca5 installed
yum-metadata-parser-1.1.4-10.el7.x86_64 1402389588 58789 929f0abd8c5671c69f86fce8d7cdd42d installed
pygpgme-0.3-9.el7.x86_64 1402356647 197501 67b8c720f59a063adbbca2392bac0281 installed
yum-3.4.3-168.el7.centos.noarch 1601571829 5829237 9068a3f50b0f5851a82c7a990dbffa59 installed
gpg-pubkey-f4a80eb5-53a7ff4b 1403518795 0 (none) installed
libgcc-4.8.5-44.el7.x86_64 1601433759 179272 e4efbc19aadbde022dd8a1eb4b585087 installed
setup-2.8.71-11.el7.noarch 1585715374 697141 ea06d9c1b2cf1331a82dac83e55e0b60 installed
python-srpm-macros-3-34.el7.noarch 1602605024 3838 99875f6f333850216863f7d91cf485ea installed
basesystem-10.0-7.el7.centos.noarch 1403865430 0 778eb3d19a934f42d1354ed795d06b4f installed
perl-srpm-macros-1-8.el7.noarch 1402343091 794 6bd0791a143b53addc95cbeb050859c8 installed
python2-rpm-macros-3-34.el7.noarch 1602605024 1495 a63357c8193c74d8755175b23da9ce7e installed
nss-softokn-freebl-3.67.0-3.el7_9.x86_64 1634168892 787604 a13930f8d32b888943688a7654d9e484 installed
glibc-2.17-325.el7_9.x86_64 1634149767 14100946 bedba5a691125b68f3c4ddbe8add2948 installed
nss-util-3.67.0-1.el7_9.x86_64 1634166815 198992 4fe394390e4f5e705aa7116c1354f629 installed
ncurses-libs-5.9-14.20130511.el7_4.x86_64 1504735709 1028216 bba677eda5184b5127b7817d2c1dec12 installed
libsepol-2.5-10.el7.x86_64 1540935375 686640 cb2c225685a559d68fdb0e07f9b488a2 installed
libselinux-2.5-15.el7.x86_64 1585711002 217762 939b030e19f37ea46c0cdda66748fb04 installed
info-5.1-5.el7.x86_64 1523408616 494630 e1f75e40cf956ed3efe7b49c5f6939ec installed
xz-libs-5.2.2-1.el7.x86_64 1478359687 239967 7701c542dc8fcd5a38ee52e8786d7cf4 installed
libdb-5.3.21-25.el7.x86_64 1565309918 1858144 1be9acf59aae36003d65af028af67ebf installed
gmp-1:6.0.0-15.el7.x86_64 1501722795 657046 4cd60ebf94766a46c590e17036ece777 installed
libattr-2.4.46-13.el7.x86_64 1523407244 19896 209b05c7b77a33a4cc176077945833e8 installed
libcap-2.22-11.el7.x86_64 1585710513 107365 49e9db222f10b2e400a1736eb13270c6 installed
libgpg-error-1.12-3.el7.x86_64 1402390008 350865 a3933d4ce43c07fa9305e8765d78d099 installed
lua-5.1.4-15.el7.x86_64 1478400455 640319 d5973eb7ca2bb665f5fbb7141f2e27a3 installed
mpfr-3.1.1-4.el7.x86_64 1402362714 554279 4cedb227fd4730529b0874792007692b installed
libffi-3.0.13-19.el7.x86_64 1585710522 47790 61429cfa793f438e1a1ee6f71fdfd1f0 installed
expat-2.1.0-12.el7.x86_64 1601481926 208323 71f48731582896eb99bf2bf5221d9915 installed
libmpc-1.0.1-3.el7.x86_64 1402343098 113833 835abbe42dbf1e0f94d227d54c01f483 installed
findutils-1:4.5.11-6.el7.x86_64 1540917834 1855882 162b03172dee0f90443197d424bc9be0 installed
diffutils-3.3-5.el7.x86_64 1565305900 1065607 afe3eb85e5b7d459bf99dd4dae0863c9 installed
file-libs-5.11-37.el7.x86_64 1601482103 3076741 0919ae038ea6cea885f1643c0f876664 installed
audit-libs-2.8.5-4.el7.x86_64 1565265980 256386 9d116ad6305cd827bdca472b2add8932 installed
sqlite-3.7.17-8.el7_7.1.x86_64 1580221787 814303 d1a1160f175ba0a0c58b28273b50e8a1 installed
tar-2:1.26-35.el7.x86_64 1540931349 2838510 28f3087e5b512d8cc05e3a8a65727686 installed
gdbm-1.10-8.el7.x86_64 1402349948 184322 770bd49f3898dc1cc831fb9ec12d569a installed
cpp-4.8.5-44.el7.x86_64 1601433759 15636565 fc9fb686c38a12f3ea1a8a1558684fa6 installed
pinentry-0.8.1-17.el7.x86_64 1478360967 159929 740fabe008451f11fee22ff086fb13d3 installed
acl-2.2.51-15.el7.x86_64 1585707377 201209 ca945ffcb793aa5f88ce8a2b9ba82753 installed
groff-base-1.22.2-8.el7.x86_64 1402345046 3453946 591d2a12420abc9fa9934414fc0987f4 installed
perl-HTTP-Tiny-0.033-3.el7.noarch 1402347217 97210 6133c7c1aee2bfeee269de4592b25884 installed
perl-Pod-Perldoc-3.20-4.el7.noarch 1402388270 166910 29a8a33b24ddf4e0e95ad8d2484cc277 installed
perl-Text-ParseWords-3.29-4.el7.noarch 1402348486 16431 58a96328cb0e6dd435d15af542467a38 installed
perl-Pod-Usage-1.63-3.el7.noarch 1402390579 44671 1db34851ba13011739022f031438e15c installed
perl-Time-HiRes-4:1.9725-3.el7.x86_64 1402343844 94069 43f7c93d02750221738a8c3bc845a1ca installed
perl-Filter-1.49-3.el7.x86_64 1402353954 148475 66b1205b2eef2a89137e530741ed3710 installed
perl-Time-Local-1.2300-2.el7.noarch 1402342290 44062 8dba0f2d49849dc3990cfc9e91d5ec6b installed
perl-Carp-1.26-244.el7.noarch 1402362759 28276 0f9ffc1d8836311235869048667422e9 installed
perl-macros-4:5.16.3-299.el7_9.x86_64 1612283772 5134 cc56a8cb39fd2f5c9c4e48489362539b installed
perl-File-Temp-0.23.01-3.el7.noarch 1402383789 158781 396b0a1af3a203e1cb33c98814d5a6d8 installed
perl-threads-shared-1.43-6.el7.x86_64 1402380447 73972 cd3e1ec9dfe8b5e9121fcd53b41aa197 installed
perl-libs-4:5.16.3-299.el7_9.x86_64 1612283772 1647320 bac9a80208be808863c4025a5eabd9da installed
perl-Getopt-Long-2.40-3.el7.noarch 1523406856 134846 e4fc3f2fed36897ae178ecd5d9475217 installed
perl-Thread-Queue-3.02-2.el7.noarch 1402347633 27642 29d052232cb1b86133bd838739672a15 installed
dwz-0.11-3.el7.x86_64 1402363547 225103 28a047bc76d0ad80e6938a94898129ca installed
libxml2-2.9.1-6.el7_9.6.x86_64 1634832935 1706142 f6b4d8cf5482c93969ce37ee33cf209c installed
unzip-6.0-22.el7_9.x86_64 1623255342 374034 df17b850d7da3f317a2b9cbeadfe9608 installed
libidn-1.28-4.el7.x86_64 1448125248 630407 3d582106ac1032c59c1cd4236e5d6415 installed
glibc-headers-2.17-325.el7_9.x86_64 1634149767 2342563 1f51c28f3cbf5a77905f67f3732cce7b installed
ncurses-5.9-14.20130511.el7_4.x86_64 1504735709 439378 8ca93e2831102818759a22e22e871268 installed
libpsl-0.7.0-1.el7.x86_64 1423824002 493071 3fd8b5c33e51303149cd9b03efd5d8ee installed
libsmartcols-2.23.2-65.el7_9.1.x86_64 1612283515 168720 7f82d20c0604f2e1d0a51da90fee5d6e installed
libsemanage-2.5-14.el7.x86_64 1540943073 302329 95dadf0074c4bbd2d63b0c6d5e6922fa installed
libtasn1-4.10-1.el7.x86_64 1501633297 424486 5bd1b0b4094fac08713f986572a8625e installed
ca-certificates-2021.2.50-72.el7_9.noarch 1632384896 922544 1012e2cc0b2f22027a1494a955178756 installed
qrencode-libs-3.4.1-3.el7.x86_64 1402343131 126732 ac1de0c46bc1886e12ea80771951cde2 installed
openssl-libs-1:1.0.2k-22.el7_9.x86_64 1634214730 3208868 e867a06b45c2ea53543d7a10099acd8d installed
krb5-libs-1.15.1-50.el7.x86_64 1601484931 2204240 82a9f4c50d6b7f9992982a53b45122b0 installed
gzip-1.5-10.el7.x86_64 1523404878 250440 adcb4df7dfe7866e38b5bf42d54d63ae installed
libmount-2.23.2-65.el7_9.1.x86_64 1612283515 278157 fa861327e785c3b2e42c330fb74b65d6 installed
shared-mime-info-1.8-5.el7.x86_64 1585715455 2379876 8c66fe453adb46917cd07e47cf1ba152 installed
shadow-utils-2:4.6-5.el7.x86_64 1565319063 3887289 975b2bbe58a4f03ef8c9b8159b59af7f installed
cracklib-dicts-2.9.0-11.el7.x86_64 1402378933 9389116 da657b0facf181893f9a38437092dbbf installed
libpwquality-1.2.3-5.el7.x86_64 1523419099 332421 e40a69f0a1803dfa3736aba2c8ea1fb4 installed
gcc-4.8.5-44.el7.x86_64 1601433759 39226437 5a93652497b3c8a82e73c2ad1ce4109f installed
nss-pem-1.0.3-7.el7.x86_64 1565313390 205531 fcbeb88a2197423614ddfab41ef55cbe installed
nss-sysinit-3.67.0-3.el7_9.x86_64 1634181660 14111 88993cf50b9d22a1122695c02f123721 installed
python-libs-2.7.5-90.el7.x86_64 1605566852 24714130 6b4863626af86e8e6d293cfdb9b1acc8 installed
libssh2-1.8.0-4.el7.x86_64 1602604454 191488 c3dbc0c6a2d776ee2a6a893d1a5fd7b7 installed
curl-7.48.0-1.el7.centos.x86_64 1464951600 574660 8823f4fb2a056d88e2c39758e5662844 installed
rpm-4.11.3-46.el7_9.x86_64 1634214494 2622621 e36fcbd4f2cf42b5ebbeba7a52d566fd installed
libuser-0.60-9.el7.x86_64 1523558694 1952592 8fdd92e668b91208dfd916ebdce8a297 installed
redhat-rpm-config-9.1.0-88.el7.centos.noarch 1565130322 174572 39bd397ca4fd5470144024e5e7531bd1 installed
gnupg2-2.0.22-5.el7_5.x86_64 1531487214 6637796 a293dfefd6596bfe5c54ba68377e334e installed
json-c-0.11-4.el7_0.x86_64 1403612338 65593 62bcb642b82d3b3aeb99ba9ba1b40715 installed
procps-ng-3.3.10-28.el7.x86_64 1601486497 759395 827044eba1dd3f5fd8fbb2ad9911fb06 installed
kpartx-0.4.9-135.el7_9.x86_64 1630421258 41267 b9503c2b5209181465cb3ee1961d552f installed
cryptsetup-libs-2.0.3-6.el7.x86_64 1585707796 1219519 61f488ba5b278e434e4558e750b17127 installed
kmod-20-28.el7.x86_64 1585709895 247868 177062346afeda2c51ce12cb8c20a670 installed
systemd-libs-219-78.el7_9.3.x86_64 1612283762 1262592 b87aa0de6733ff33d3a6263848ffc0b1 installed
systemd-219-78.el7_9.3.x86_64 1612283762 24444082 985b63a566793b8fb52b53b8e0ef900c installed
dbus-1:1.10.24-15.el7.x86_64 1601481306 594463 3040b3d83397504a4a52edc8330edea3 installed
rpm-build-4.11.3-46.el7_9.x86_64 1634214494 331384 ca94be6bf19eaad609bc6f534ebb87bd installed
epel-rpm-macros-7-33.noarch 1630523229 30489 f3979e4426b7a5d8d07101470f5ee5ed installed
which-2.20-7.el7.x86_64 1402367122 76962 5b0eff1739daa46a80e9908f39167c29 installed
epel-release-7-14.noarch 1630777123 25728 33901cab6e24d7340d9047161a5d95b0 installed
python-2.7.5-90.el7.x86_64 1605566852 80835 46c2a5d1532c506f6e9bdcd1388e887d installed
pyliblzma-0.5.3-11.el7.x86_64 1402377649 190112 a09aa8e806a3f6285e9fe765d69d3ee9 installed
python-urlgrabber-3.10-10.el7.noarch 1585714443 503358 86520621451601031574f88ea0f852de installed
pyxattr-0.5.1-5.el7.x86_64 1402352697 63304 e85121da681760c48a2af6ed8aa31b4e installed
gpgme-1.3.2-5.el7.x86_64 1402362184 547534 d693313ae4184395e902c28ce87d4573 installed
yum-plugin-fastestmirror-1.1.31-54.el7_8.noarch 1589300864 53897 2b427db05c3d84f7aa659e65c4f43230 installed
